This is pdfTeX, Version 3.1415926-2.4-1.40.13 (TeX Live 2012) (format=pdflatex 2012.6.30)  27 NOV 2013 18:20
entering extended mode
 restricted \write18 enabled.
 %&-line parsing enabled.
**OnlineArith.tex
(./OnlineArith.tex
LaTeX2e <2011/06/27>
Babel <v3.8m> and hyphenation patterns for english, dumylang, nohyphenation, ge
rman-x-2012-05-30, ngerman-x-2012-05-30, afrikaans, ancientgreek, ibycus, arabi
c, armenian, basque, bulgarian, catalan, pinyin, coptic, croatian, czech, danis
h, dutch, ukenglish, usenglishmax, esperanto, estonian, ethiopic, farsi, finnis
h, french, friulan, galician, german, ngerman, swissgerman, monogreek, greek, h
ungarian, icelandic, assamese, bengali, gujarati, hindi, kannada, malayalam, ma
rathi, oriya, panjabi, tamil, telugu, indonesian, interlingua, irish, italian, 
kurmanji, latin, latvian, lithuanian, mongolian, mongolianlmc, bokmal, nynorsk,
 polish, portuguese, romanian, romansh, russian, sanskrit, serbian, serbianc, s
lovak, slovenian, spanish, swedish, turkish, turkmen, ukrainian, uppersorbian, 
welsh, loaded.
(./acm_proc_article-sp.cls
(/usr/local/texlive/2012/texmf-dist/tex/latex/graphics/epsfig.sty
Package: epsfig 1999/02/16 v1.7a (e)psfig emulation (SPQR)

(/usr/local/texlive/2012/texmf-dist/tex/latex/graphics/graphicx.sty
Package: graphicx 1999/02/16 v1.0f Enhanced LaTeX Graphics (DPC,SPQR)

(/usr/local/texlive/2012/texmf-dist/tex/latex/graphics/keyval.sty
Package: keyval 1999/03/16 v1.13 key=value parser (DPC)
\KV@toks@=\toks14
)
(/usr/local/texlive/2012/texmf-dist/tex/latex/graphics/graphics.sty
Package: graphics 2009/02/05 v1.0o Standard LaTeX Graphics (DPC,SPQR)

(/usr/local/texlive/2012/texmf-dist/tex/latex/graphics/trig.sty
Package: trig 1999/03/16 v1.09 sin cos tan (DPC)
)
(/usr/local/texlive/2012/texmf-dist/tex/latex/latexconfig/graphics.cfg
File: graphics.cfg 2010/04/23 v1.9 graphics configuration of TeX Live
)
Package graphics Info: Driver file: pdftex.def on input line 91.

(/usr/local/texlive/2012/texmf-dist/tex/latex/pdftex-def/pdftex.def
File: pdftex.def 2011/05/27 v0.06d Graphics/color for pdfTeX

(/usr/local/texlive/2012/texmf-dist/tex/generic/oberdiek/infwarerr.sty
Package: infwarerr 2010/04/08 v1.3 Providing info/warning/error messages (HO)
)
(/usr/local/texlive/2012/texmf-dist/tex/generic/oberdiek/ltxcmds.sty
Package: ltxcmds 2011/11/09 v1.22 LaTeX kernel commands for general use (HO)
)
\Gread@gobject=\count79
))
\Gin@req@height=\dimen102
\Gin@req@width=\dimen103
)
\epsfxsize=\dimen104
\epsfysize=\dimen105
)
(/usr/local/texlive/2012/texmf-dist/tex/latex/amsfonts/amssymb.sty
Package: amssymb 2009/06/22 v3.00

(/usr/local/texlive/2012/texmf-dist/tex/latex/amsfonts/amsfonts.sty
Package: amsfonts 2009/06/22 v3.00 Basic AMSFonts support
\@emptytoks=\toks15
\symAMSa=\mathgroup4
\symAMSb=\mathgroup5
LaTeX Font Info:    Overwriting math alphabet `\mathfrak' in version `bold'
(Font)                  U/euf/m/n --> U/euf/b/n on input line 96.
))
(/usr/local/texlive/2012/texmf-dist/tex/latex/amsmath/amsmath.sty
Package: amsmath 2000/07/18 v2.13 AMS math features
\@mathmargin=\skip41

For additional information on amsmath, use the `?' option.
(/usr/local/texlive/2012/texmf-dist/tex/latex/amsmath/amstext.sty
Package: amstext 2000/06/29 v2.01

(/usr/local/texlive/2012/texmf-dist/tex/latex/amsmath/amsgen.sty
File: amsgen.sty 1999/11/30 v2.0
\@emptytoks=\toks16
\ex@=\dimen106
))
(/usr/local/texlive/2012/texmf-dist/tex/latex/amsmath/amsbsy.sty
Package: amsbsy 1999/11/29 v1.2d
\pmbraise@=\dimen107
)
(/usr/local/texlive/2012/texmf-dist/tex/latex/amsmath/amsopn.sty
Package: amsopn 1999/12/14 v2.01 operator names
)
\inf@bad=\count80
LaTeX Info: Redefining \frac on input line 211.
\uproot@=\count81
\leftroot@=\count82
LaTeX Info: Redefining \overline on input line 307.
\classnum@=\count83
\DOTSCASE@=\count84
LaTeX Info: Redefining \ldots on input line 379.
LaTeX Info: Redefining \dots on input line 382.
LaTeX Info: Redefining \cdots on input line 467.
\Mathstrutbox@=\box26
\strutbox@=\box27
\big@size=\dimen108
LaTeX Font Info:    Redeclaring font encoding OML on input line 567.
LaTeX Font Info:    Redeclaring font encoding OMS on input line 568.
\macc@depth=\count85
\c@MaxMatrixCols=\count86
\dotsspace@=\muskip10
\c@parentequation=\count87
\dspbrk@lvl=\count88
\tag@help=\toks17
\row@=\count89
\column@=\count90
\maxfields@=\count91
\andhelp@=\toks18
\eqnshift@=\dimen109
\alignsep@=\dimen110
\tagshift@=\dimen111
\tagwidth@=\dimen112
\totwidth@=\dimen113
\lineht@=\dimen114
\@envbody=\toks19
\multlinegap=\skip42
\multlinetaggap=\skip43
\mathdisplay@stack=\toks20
LaTeX Info: Redefining \[ on input line 2666.
LaTeX Info: Redefining \] on input line 2667.
)
Document Class 'acm_proc_article-sp' <22nd. April '09>. Modified by G.K.M. Tobi
n
Based in part upon document Style `acmconf' <22 May 89>. Hacked 4/91 by
shivers@cs.cmu.edu, 4/93 by theobald@cs.mcgill.ca
Excerpts were taken from (Journal Style) 'esub2acm.cls'.
****** Bugs/comments/suggestions to Gerry Murray -- murray@hq.acm.org ******
\footheight=\dimen115
\@maxsep=\dimen116
\@dblmaxsep=\dimen117
\aucount=\count92
\originalaucount=\count93
\auwidth=\dimen118
\auskip=\dimen119
\auskipcount=\count94
\auskip=\dimen120
\allauboxes=\dimen121
\addauthors=\toks21
\addauflag=\count95
\subtitletext=\toks22
\savesection=\count96
\sectioncntr=\count97
\c@figure=\count98
\c@table=\count99
\titleboxnotes=\toks23
\titleboxnoteflag=\count100
Document Class: acm_proc_article-sp 2009/04/22 - V3.2SP - based on esub2acm.sty
 <23 April 96>
(/usr/local/texlive/2012/texmf-dist/tex/latex/base/latexsym.sty
Package: latexsym 1998/08/17 v2.2e Standard LaTeX package (lasy symbols)
\symlasy=\mathgroup6
LaTeX Font Info:    Overwriting symbol font `lasy' in version `bold'
(Font)                  U/lasy/m/n --> U/lasy/b/n on input line 47.
)
\@acmtitlebox=\box28
\titlenotecount=\count101
\tntoks=\toks24
\tntokstwo=\toks25
\tntoksthree=\toks26
\tntoksfour=\toks27
\tntoksfive=\toks28
\catcount=\count102
\copyrightnotice=\toks29
\conf=\toks30
\confinfo=\toks31
\c@part=\count103
\c@section=\count104
\c@subsection=\count105
\c@subsubsection=\count106
\c@paragraph=\count107

Using 'Abbrev' bibliography style
LaTeX Info: Redefining \cite on input line 1236.
\bibindent=\dimen122
\colcntr=\count108
\saveb@x=\box29
\copyrtyr=\toks32
\acmcopyr=\toks33
\boilerplate=\toks34
\copyrightetc=\toks35
(/usr/local/texlive/2012/texmf-dist/tex/latex/base/fontenc.sty
Package: fontenc 2005/09/27 v1.99g Standard LaTeX package

(/usr/local/texlive/2012/texmf-dist/tex/latex/base/t1enc.def
File: t1enc.def 2005/09/27 v1.99g Standard LaTeX file
LaTeX Font Info:    Redeclaring font encoding T1 on input line 43.
)
LaTeX Font Info:    Try loading font information for T1+aer on input line 100.

(/usr/local/texlive/2012/texmf-dist/tex/latex/ae/t1aer.fd
File: t1aer.fd 1997/11/16 Font definitions for T1/aer.
)))
(/usr/local/texlive/2012/texmf-dist/tex/latex/oberdiek/epstopdf.sty
Package: epstopdf 2010/02/09 v2.5 Conversion with epstopdf on the fly (HO)

(/usr/local/texlive/2012/texmf-dist/tex/latex/oberdiek/epstopdf-base.sty
Package: epstopdf-base 2010/02/09 v2.5 Base part for package epstopdf

(/usr/local/texlive/2012/texmf-dist/tex/latex/oberdiek/grfext.sty
Package: grfext 2010/08/19 v1.1 Manage graphics extensions (HO)

(/usr/local/texlive/2012/texmf-dist/tex/generic/oberdiek/kvdefinekeys.sty
Package: kvdefinekeys 2011/04/07 v1.3 Define keys (HO)
))
(/usr/local/texlive/2012/texmf-dist/tex/latex/oberdiek/kvoptions.sty
Package: kvoptions 2011/06/30 v3.11 Key value format for package options (HO)

(/usr/local/texlive/2012/texmf-dist/tex/generic/oberdiek/kvsetkeys.sty
Package: kvsetkeys 2012/04/25 v1.16 Key value parser (HO)

(/usr/local/texlive/2012/texmf-dist/tex/generic/oberdiek/etexcmds.sty
Package: etexcmds 2011/02/16 v1.5 Avoid name clashes with e-TeX commands (HO)

(/usr/local/texlive/2012/texmf-dist/tex/generic/oberdiek/ifluatex.sty
Package: ifluatex 2010/03/01 v1.3 Provides the ifluatex switch (HO)
Package ifluatex Info: LuaTeX not detected.
)
Package etexcmds Info: Could not find \expanded.
(etexcmds)             That can mean that you are not using pdfTeX 1.50 or
(etexcmds)             that some package has redefined \expanded.
(etexcmds)             In the latter case, load this package earlier.
)))
(/usr/local/texlive/2012/texmf-dist/tex/generic/oberdiek/pdftexcmds.sty
Package: pdftexcmds 2011/11/29 v0.20 Utility functions of pdfTeX for LuaTeX (HO
)

(/usr/local/texlive/2012/texmf-dist/tex/generic/oberdiek/ifpdf.sty
Package: ifpdf 2011/01/30 v2.3 Provides the ifpdf switch (HO)
Package ifpdf Info: pdfTeX in PDF mode is detected.
)
Package pdftexcmds Info: LuaTeX not detected.
Package pdftexcmds Info: \pdf@primitive is available.
Package pdftexcmds Info: \pdf@ifprimitive is available.
Package pdftexcmds Info: \pdfdraftmode found.
)
Package grfext Info: Graphics extension search list:
(grfext)             [.png,.pdf,.jpg,.mps,.jpeg,.jbig2,.jb2,.PNG,.PDF,.JPG,.JPE
G,.JBIG2,.JB2,.eps]
(grfext)             \AppendGraphicsExtensions on input line 452.

(/usr/local/texlive/2012/texmf-dist/tex/latex/latexconfig/epstopdf-sys.cfg
File: epstopdf-sys.cfg 2010/07/13 v1.3 Configuration of (r)epstopdf for TeX Liv
e
)))
(/usr/local/texlive/2012/texmf-dist/tex/latex/subfigure/subfigure.sty
Package: subfigure 2002/03/15 v2.1.5 subfigure package
\subfigtopskip=\skip44
\subfigcapskip=\skip45
\subfigcaptopadj=\dimen123
\subfigbottomskip=\skip46
\subfigcapmargin=\dimen124
\subfiglabelskip=\skip47
\c@subfigure=\count109
\c@lofdepth=\count110
\c@subtable=\count111
\c@lotdepth=\count112

****************************************
* Local config file subfigure.cfg used *
****************************************
(/usr/local/texlive/2012/texmf-dist/tex/latex/subfigure/subfigure.cfg)
\subfig@top=\skip48
\subfig@bottom=\skip49
)
(/usr/local/texlive/2012/texmf-dist/tex/latex/multirow/multirow.sty
\bigstrutjot=\dimen125
)
(/usr/local/texlive/2012/texmf-dist/tex/latex/algorithms/algorithm.sty
Package: algorithm 2009/08/24 v0.1 Document Style `algorithm' - floating enviro
nment

(/usr/local/texlive/2012/texmf-dist/tex/latex/float/float.sty
Package: float 2001/11/08 v1.3d Float enhancements (AL)
\c@float@type=\count113
\float@exts=\toks36
\float@box=\box30
\@float@everytoks=\toks37
\@floatcapt=\box31
)
(/usr/local/texlive/2012/texmf-dist/tex/latex/base/ifthen.sty
Package: ifthen 2001/05/26 v1.1c Standard LaTeX ifthen package (DPC)
)
\@float@every@algorithm=\toks38
\c@algorithm=\count114
)
(/usr/local/texlive/2012/texmf-dist/tex/latex/algorithms/algorithmic.sty
Package: algorithmic 2009/08/24 v0.1 Document Style `algorithmic'
\c@ALC@unique=\count115
\c@ALC@line=\count116
\c@ALC@rem=\count117
\c@ALC@depth=\count118
\ALC@tlm=\skip50
\algorithmicindent=\skip51
)
(/usr/local/texlive/2012/texmf-dist/tex/latex/tools/indentfirst.sty
Package: indentfirst 1995/11/23 v1.03 Indent first paragraph (DPC)
)
(./OnlineArith.aux

LaTeX Warning: Label `Tab:' multiply defined.


LaTeX Warning: Label `Tab:' multiply defined.

)
\openout1 = `OnlineArith.aux'.

LaTeX Font Info:    Checking defaults for OML/cmm/m/it on input line 13.
LaTeX Font Info:    ... okay on input line 13.
LaTeX Font Info:    Checking defaults for T1/cmr/m/n on input line 13.
LaTeX Font Info:    ... okay on input line 13.
LaTeX Font Info:    Checking defaults for OT1/cmr/m/n on input line 13.
LaTeX Font Info:    ... okay on input line 13.
LaTeX Font Info:    Checking defaults for OMS/cmsy/m/n on input line 13.
LaTeX Font Info:    ... okay on input line 13.
LaTeX Font Info:    Checking defaults for OMX/cmex/m/n on input line 13.
LaTeX Font Info:    ... okay on input line 13.
LaTeX Font Info:    Checking defaults for U/cmr/m/n on input line 13.
LaTeX Font Info:    ... okay on input line 13.
 (/usr/local/texlive/2012/texmf-dist/tex/context/base/supp-pdf.mkii
[Loading MPS to PDF converter (version 2006.09.02).]
\scratchcounter=\count119
\scratchdimen=\dimen126
\scratchbox=\box32
\nofMPsegments=\count120
\nofMParguments=\count121
\everyMPshowfont=\toks39
\MPscratchCnt=\count122
\MPscratchDim=\dimen127
\MPnumerator=\count123
\makeMPintoPDFobject=\count124
\everyMPtoPDFconversion=\toks40
)
LaTeX Font Info:    Try loading font information for U+msa on input line 34.
 (/usr/local/texlive/2012/texmf-dist/tex/latex/amsfonts/umsa.fd
File: umsa.fd 2009/06/22 v3.00 AMS symbols A
)
LaTeX Font Info:    Try loading font information for U+msb on input line 34.

(/usr/local/texlive/2012/texmf-dist/tex/latex/amsfonts/umsb.fd
File: umsb.fd 2009/06/22 v3.00 AMS symbols B
)
LaTeX Font Info:    Try loading font information for U+lasy on input line 34.

(/usr/local/texlive/2012/texmf-dist/tex/latex/base/ulasy.fd
File: ulasy.fd 1998/08/17 v2.2e LaTeX symbol font definitions
)
Overfull \hbox (2.37462pt too wide) in paragraph at lines 64--65
[]\T1/aer/m/n/9 analytical and em-pir-i-cal re-sults which demon-strate that
 []

[1{/usr/local/texlive/2012/texmf-var/fonts/map/pdftex/updmap/pdftex.map}


]
<./Figures/OnlineArithmetic_DataFlow.pdf, id=13, 311.66437pt x 109.1578pt>
File: ./Figures/OnlineArithmetic_DataFlow.pdf Graphic file (type pdf)

<use ./Figures/OnlineArithmetic_DataFlow.pdf>
Package pdftex.def Info: ./Figures/OnlineArithmetic_DataFlow.pdf used on input 
line 91.
(pdftex.def)             Requested size: 231.84338pt x 81.20189pt.


LaTeX Font Warning: Command \footnotesize invalid in math mode on input line 98
.


LaTeX Font Warning: Command \normalsize invalid in math mode on input line 100.


<./Figures/SDAdder.pdf, id=14, 623.32875pt x 368.1253pt>
File: ./Figures/SDAdder.pdf Graphic file (type pdf)

<use ./Figures/SDAdder.pdf>
Package pdftex.def Info: ./Figures/SDAdder.pdf used on input line 110.
(pdftex.def)             Requested size: 252.0pt x 148.82593pt.

Overfull \hbox (12.0pt too wide) in paragraph at lines 110--112
[][]
 []


LaTeX Font Warning: Command \small invalid in math mode on input line 138.


LaTeX Font Warning: Command \normalsize invalid in math mode on input line 144.


<./Figures/OnlineMult_Unrolled.pdf, id=15, 733.23938pt x 509.65407pt>
File: ./Figures/OnlineMult_Unrolled.pdf Graphic file (type pdf)

<use ./Figures/OnlineMult_Unrolled.pdf>
Package pdftex.def Info: ./Figures/OnlineMult_Unrolled.pdf used on input line 1
51.
(pdftex.def)             Requested size: 246.96277pt x 171.65475pt.

Overfull \hbox (6.96277pt too wide) in paragraph at lines 151--153
 [][] 
 []

[2 <./Figures/OnlineArithmetic_DataFlow.pdf> <./Figures/SDAdder.pdf

pdfTeX warning: pdflatex (file ./Figures/SDAdder.pdf): PDF inclusion: multiple 
pdfs with page group included in a single page
>]

LaTeX Font Warning: Command \small invalid in math mode on input line 231.


LaTeX Font Warning: Command \normalsize invalid in math mode on input line 233.



LaTeX Font Warning: Command \small invalid in math mode on input line 242.


LaTeX Font Warning: Command \normalsize invalid in math mode on input line 249.



LaTeX Font Warning: Command \small invalid in math mode on input line 255.


LaTeX Font Warning: Command \normalsize invalid in math mode on input line 262.


[3 <./Figures/OnlineMult_Unrolled.pdf>]

LaTeX Font Warning: Command \scriptsize invalid in math mode on input line 312.



LaTeX Font Warning: Command \normalsize invalid in math mode on input line 314.


Package epstopdf Info: Source file: <./Figures/WL8_Model.eps>
(epstopdf)                    date: 2013-11-27 18:00:50
(epstopdf)                    size: 11634 bytes
(epstopdf)             Output file: <./Figures/WL8_Model-eps-converted-to.pdf>
(epstopdf)                    date: 2013-11-27 18:00:50
(epstopdf)                    size: 4206 bytes
(epstopdf)             Command: <repstopdf --outfile=./Figures/WL8_Model-eps-co
nverted-to.pdf ./Figures/WL8_Model.eps>
(epstopdf)             \includegraphics on input line 346.
Package epstopdf Info: Output file is already uptodate.
<./Figures/WL8_Model-eps-converted-to.pdf, id=101, 376.40625pt x 317.185pt>
File: ./Figures/WL8_Model-eps-converted-to.pdf Graphic file (type pdf)

<use ./Figures/WL8_Model-eps-converted-to.pdf>
Package pdftex.def Info: ./Figures/WL8_Model-eps-converted-to.pdf used on input
 line 346.
(pdftex.def)             Requested size: 122.85876pt x 103.52916pt.

Overfull \hbox (1.896pt too wide) in paragraph at lines 346--346
[][] 
 []

Package epstopdf Info: Source file: <./Figures/WL12_Model.eps>
(epstopdf)                    date: 2013-11-27 18:00:50
(epstopdf)                    size: 12324 bytes
(epstopdf)             Output file: <./Figures/WL12_Model-eps-converted-to.pdf>

(epstopdf)                    date: 2013-11-27 18:00:50
(epstopdf)                    size: 4444 bytes
(epstopdf)             Command: <repstopdf --outfile=./Figures/WL12_Model-eps-c
onverted-to.pdf ./Figures/WL12_Model.eps>
(epstopdf)             \includegraphics on input line 352.
Package epstopdf Info: Output file is already uptodate.
<./Figures/WL12_Model-eps-converted-to.pdf, id=102, 376.40625pt x 317.185pt>
File: ./Figures/WL12_Model-eps-converted-to.pdf Graphic file (type pdf)

<use ./Figures/WL12_Model-eps-converted-to.pdf>
Package pdftex.def Info: ./Figures/WL12_Model-eps-converted-to.pdf used on inpu
t line 352.
(pdftex.def)             Requested size: 122.85876pt x 103.52916pt.

Overfull \hbox (1.896pt too wide) in paragraph at lines 352--352
[][] 
 []

Package epstopdf Info: Source file: <./Figures/Model8.eps>
(epstopdf)                    date: 2013-11-27 18:00:50
(epstopdf)                    size: 17039 bytes
(epstopdf)             Output file: <./Figures/Model8-eps-converted-to.pdf>
(epstopdf)                    date: 2013-11-27 18:00:50
(epstopdf)                    size: 5603 bytes
(epstopdf)             Command: <repstopdf --outfile=./Figures/Model8-eps-conve
rted-to.pdf ./Figures/Model8.eps>
(epstopdf)             \includegraphics on input line 358.
Package epstopdf Info: Output file is already uptodate.
<./Figures/Model8-eps-converted-to.pdf, id=103, 376.40625pt x 317.185pt>
File: ./Figures/Model8-eps-converted-to.pdf Graphic file (type pdf)

<use ./Figures/Model8-eps-converted-to.pdf>
Package pdftex.def Info: ./Figures/Model8-eps-converted-to.pdf used on input li
ne 358.
(pdftex.def)             Requested size: 122.85876pt x 103.52916pt.

Overfull \hbox (1.896pt too wide) in paragraph at lines 358--358
[][] 
 []

Package epstopdf Info: Source file: <./Figures/Model12.eps>
(epstopdf)                    date: 2013-11-27 18:00:50
(epstopdf)                    size: 19086 bytes
(epstopdf)             Output file: <./Figures/Model12-eps-converted-to.pdf>
(epstopdf)                    date: 2013-11-27 18:00:50
(epstopdf)                    size: 6155 bytes
(epstopdf)             Command: <repstopdf --outfile=./Figures/Model12-eps-conv
erted-to.pdf ./Figures/Model12.eps>
(epstopdf)             \includegraphics on input line 364.
Package epstopdf Info: Output file is already uptodate.
<./Figures/Model12-eps-converted-to.pdf, id=104, 376.40625pt x 317.185pt>
File: ./Figures/Model12-eps-converted-to.pdf Graphic file (type pdf)

<use ./Figures/Model12-eps-converted-to.pdf>
Package pdftex.def Info: ./Figures/Model12-eps-converted-to.pdf used on input l
ine 364.
(pdftex.def)             Requested size: 122.85876pt x 103.52916pt.

Overfull \hbox (1.896pt too wide) in paragraph at lines 364--364
[][] 
 []


Overfull \hbox (11.15913pt too wide) in paragraph at lines 346--366
 [][][] 
 []


Overfull \hbox (11.15913pt too wide) in paragraph at lines 346--366
 [][] 
 []

Package epstopdf Info: Source file: <./Figures/PE8.eps>
(epstopdf)                    date: 2013-11-27 18:00:50
(epstopdf)                    size: 12304 bytes
(epstopdf)             Output file: <./Figures/PE8-eps-converted-to.pdf>
(epstopdf)                    date: 2013-11-27 18:00:50
(epstopdf)                    size: 4866 bytes
(epstopdf)             Command: <repstopdf --outfile=./Figures/PE8-eps-converte
d-to.pdf ./Figures/PE8.eps>
(epstopdf)             \includegraphics on input line 387.
Package epstopdf Info: Output file is already uptodate.
<./Figures/PE8-eps-converted-to.pdf, id=105, 376.40625pt x 317.185pt>
File: ./Figures/PE8-eps-converted-to.pdf Graphic file (type pdf)

<use ./Figures/PE8-eps-converted-to.pdf>
Package pdftex.def Info: ./Figures/PE8-eps-converted-to.pdf used on input line 
387.
(pdftex.def)             Requested size: 122.85876pt x 103.52916pt.

Overfull \hbox (1.896pt too wide) in paragraph at lines 387--387
[][] 
 []

Package epstopdf Info: Source file: <./Figures/PE12.eps>
(epstopdf)                    date: 2013-11-27 18:00:50
(epstopdf)                    size: 13818 bytes
(epstopdf)             Output file: <./Figures/PE12-eps-converted-to.pdf>
(epstopdf)                    date: 2013-11-27 18:00:50
(epstopdf)                    size: 5310 bytes
(epstopdf)             Command: <repstopdf --outfile=./Figures/PE12-eps-convert
ed-to.pdf ./Figures/PE12.eps>
(epstopdf)             \includegraphics on input line 393.
Package epstopdf Info: Output file is already uptodate.
<./Figures/PE12-eps-converted-to.pdf, id=106, 376.40625pt x 317.185pt>
File: ./Figures/PE12-eps-converted-to.pdf Graphic file (type pdf)

<use ./Figures/PE12-eps-converted-to.pdf>
Package pdftex.def Info: ./Figures/PE12-eps-converted-to.pdf used on input line
 393.
(pdftex.def)             Requested size: 122.85876pt x 103.52916pt.

Overfull \hbox (1.896pt too wide) in paragraph at lines 393--393
[][] 
 []

Package epstopdf Info: Source file: <./Figures/PE16.eps>
(epstopdf)                    date: 2013-11-27 18:00:50
(epstopdf)                    size: 14943 bytes
(epstopdf)             Output file: <./Figures/PE16-eps-converted-to.pdf>
(epstopdf)                    date: 2013-11-27 18:00:50
(epstopdf)                    size: 5694 bytes
(epstopdf)             Command: <repstopdf --outfile=./Figures/PE16-eps-convert
ed-to.pdf ./Figures/PE16.eps>
(epstopdf)             \includegraphics on input line 399.
Package epstopdf Info: Output file is already uptodate.
<./Figures/PE16-eps-converted-to.pdf, id=107, 376.40625pt x 317.185pt>
File: ./Figures/PE16-eps-converted-to.pdf Graphic file (type pdf)

<use ./Figures/PE16-eps-converted-to.pdf>
Package pdftex.def Info: ./Figures/PE16-eps-converted-to.pdf used on input line
 399.
(pdftex.def)             Requested size: 122.85876pt x 103.52916pt.

Overfull \hbox (1.896pt too wide) in paragraph at lines 399--399
[][] 
 []

Package epstopdf Info: Source file: <./Figures/PE32.eps>
(epstopdf)                    date: 2013-11-27 18:00:50
(epstopdf)                    size: 16683 bytes
(epstopdf)             Output file: <./Figures/PE32-eps-converted-to.pdf>
(epstopdf)                    date: 2013-11-27 18:00:50
(epstopdf)                    size: 5870 bytes
(epstopdf)             Command: <repstopdf --outfile=./Figures/PE32-eps-convert
ed-to.pdf ./Figures/PE32.eps>
(epstopdf)             \includegraphics on input line 405.
Package epstopdf Info: Output file is already uptodate.
<./Figures/PE32-eps-converted-to.pdf, id=108, 376.40625pt x 317.185pt>
File: ./Figures/PE32-eps-converted-to.pdf Graphic file (type pdf)

<use ./Figures/PE32-eps-converted-to.pdf>
Package pdftex.def Info: ./Figures/PE32-eps-converted-to.pdf used on input line
 405.
(pdftex.def)             Requested size: 122.85876pt x 103.52916pt.

Overfull \hbox (1.896pt too wide) in paragraph at lines 405--405
[][] 
 []


Overfull \hbox (11.15913pt too wide) in paragraph at lines 387--407
 [][][] 
 []


Overfull \hbox (11.15913pt too wide) in paragraph at lines 387--407
 [][] 
 []

[4 <./Figures/WL8_Model-eps-converted-to.pdf> <./Figures/WL12_Model-eps-convert
ed-to.pdf> <./Figures/Model8-eps-converted-to.pdf> <./Figures/Model12-eps-conve
rted-to.pdf>]
Package epstopdf Info: Source file: <./Figures/MRE.eps>
(epstopdf)                    date: 2013-11-27 18:00:50
(epstopdf)                    size: 17814 bytes
(epstopdf)             Output file: <./Figures/MRE-eps-converted-to.pdf>
(epstopdf)                    date: 2013-11-27 18:00:50
(epstopdf)                    size: 8123 bytes
(epstopdf)             Command: <repstopdf --outfile=./Figures/MRE-eps-converte
d-to.pdf ./Figures/MRE.eps>
(epstopdf)             \includegraphics on input line 427.
Package epstopdf Info: Output file is already uptodate.

<./Figures/MRE-eps-converted-to.pdf, id=128, 489.83pt x 317.185pt>
File: ./Figures/MRE-eps-converted-to.pdf Graphic file (type pdf)

<use ./Figures/MRE-eps-converted-to.pdf>
Package pdftex.def Info: ./Figures/MRE-eps-converted-to.pdf used on input line 
427.
(pdftex.def)             Requested size: 252.0pt x 163.18027pt.

Overfull \hbox (12.0pt too wide) in paragraph at lines 427--428
 [][] 
 []

[5 <./Figures/PE8-eps-converted-to.pdf> <./Figures/PE12-eps-converted-to.pdf> <
./Figures/PE16-eps-converted-to.pdf> <./Figures/PE32-eps-converted-to.pdf> <./F
igures/MRE-eps-converted-to.pdf>]
Package epstopdf Info: Source file: <./Figures/Lena/Trad_EF.eps>
(epstopdf)                    date: 2013-11-27 18:00:50
(epstopdf)                    size: 336058 bytes
(epstopdf)             Output file: <./Figures/Lena/Trad_EF-eps-converted-to.pd
f>
(epstopdf)                    date: 2013-11-27 18:00:50
(epstopdf)                    size: 204167 bytes
(epstopdf)             Command: <repstopdf --outfile=./Figures/Lena/Trad_EF-eps
-converted-to.pdf ./Figures/Lena/Trad_EF.eps>
(epstopdf)             \includegraphics on input line 445.
Package epstopdf Info: Output file is already uptodate.

<./Figures/Lena/Trad_EF-eps-converted-to.pdf, id=161, 386.44376pt x 386.44376pt
>
File: ./Figures/Lena/Trad_EF-eps-converted-to.pdf Graphic file (type pdf)
 <use ./Figures/Lena/Trad_EF-eps-converted-to.pdf>
Package pdftex.def Info: ./Figures/Lena/Trad_EF-eps-converted-to.pdf used on in
put line 445.
(pdftex.def)             Requested size: 93.95122pt x 93.95131pt.
Package epstopdf Info: Source file: <./Figures/Lena/Trad_T436.eps>
(epstopdf)                    date: 2013-11-27 18:00:50
(epstopdf)                    size: 336337 bytes
(epstopdf)             Output file: <./Figures/Lena/Trad_T436-eps-converted-to.
pdf>
(epstopdf)                    date: 2013-11-27 18:00:50
(epstopdf)                    size: 206964 bytes
(epstopdf)             Command: <repstopdf --outfile=./Figures/Lena/Trad_T436-e
ps-converted-to.pdf ./Figures/Lena/Trad_T436.eps>
(epstopdf)             \includegraphics on input line 451.
Package epstopdf Info: Output file is already uptodate.

<./Figures/Lena/Trad_T436-eps-converted-to.pdf, id=162, 386.44376pt x 386.44376
pt>
File: ./Figures/Lena/Trad_T436-eps-converted-to.pdf Graphic file (type pdf)
 <use ./Figures/Lena/Trad_T436-eps-converted-to.pdf>
Package pdftex.def Info: ./Figures/Lena/Trad_T436-eps-converted-to.pdf used on 
input line 451.
(pdftex.def)             Requested size: 93.95122pt x 93.95131pt.
Package epstopdf Info: Source file: <./Figures/Lena/Online_T436.eps>
(epstopdf)                    date: 2013-11-27 18:00:50
(epstopdf)                    size: 337039 bytes
(epstopdf)             Output file: <./Figures/Lena/Online_T436-eps-converted-t
o.pdf>
(epstopdf)                    date: 2013-11-27 18:00:50
(epstopdf)                    size: 209380 bytes
(epstopdf)             Command: <repstopdf --outfile=./Figures/Lena/Online_T436
-eps-converted-to.pdf ./Figures/Lena/Online_T436.eps>
(epstopdf)             \includegraphics on input line 457.
Package epstopdf Info: Output file is already uptodate.

<./Figures/Lena/Online_T436-eps-converted-to.pdf, id=163, 384.43625pt x 384.436
25pt>
File: ./Figures/Lena/Online_T436-eps-converted-to.pdf Graphic file (type pdf)
 <use ./Figures/Lena/Online_T436-eps-converted-to.pdf>
Package pdftex.def Info: ./Figures/Lena/Online_T436-eps-converted-to.pdf used o
n input line 457.
(pdftex.def)             Requested size: 93.95122pt x 93.95012pt.
Package epstopdf Info: Source file: <./Figures/Lena/Trad_T414.eps>
(epstopdf)                    date: 2013-11-27 18:00:50
(epstopdf)                    size: 337284 bytes
(epstopdf)             Output file: <./Figures/Lena/Trad_T414-eps-converted-to.
pdf>
(epstopdf)                    date: 2013-11-27 18:00:50
(epstopdf)                    size: 220357 bytes
(epstopdf)             Command: <repstopdf --outfile=./Figures/Lena/Trad_T414-e
ps-converted-to.pdf ./Figures/Lena/Trad_T414.eps>
(epstopdf)             \includegraphics on input line 463.
Package epstopdf Info: Output file is already uptodate.

<./Figures/Lena/Trad_T414-eps-converted-to.pdf, id=164, 386.44376pt x 386.44376
pt>
File: ./Figures/Lena/Trad_T414-eps-converted-to.pdf Graphic file (type pdf)
 <use ./Figures/Lena/Trad_T414-eps-converted-to.pdf>
Package pdftex.def Info: ./Figures/Lena/Trad_T414-eps-converted-to.pdf used on 
input line 463.
(pdftex.def)             Requested size: 93.95122pt x 93.95131pt.
Package epstopdf Info: Source file: <./Figures/Lena/Online_T414.eps>
(epstopdf)                    date: 2013-11-27 18:00:50
(epstopdf)                    size: 337127 bytes
(epstopdf)             Output file: <./Figures/Lena/Online_T414-eps-converted-t
o.pdf>
(epstopdf)                    date: 2013-11-27 18:00:50
(epstopdf)                    size: 211351 bytes
(epstopdf)             Command: <repstopdf --outfile=./Figures/Lena/Online_T414
-eps-converted-to.pdf ./Figures/Lena/Online_T414.eps>
(epstopdf)             \includegraphics on input line 469.
Package epstopdf Info: Output file is already uptodate.

<./Figures/Lena/Online_T414-eps-converted-to.pdf, id=165, 386.44376pt x 386.443
76pt>
File: ./Figures/Lena/Online_T414-eps-converted-to.pdf Graphic file (type pdf)
 <use ./Figures/Lena/Online_T414-eps-converted-to.pdf>
Package pdftex.def Info: ./Figures/Lena/Online_T414-eps-converted-to.pdf used o
n input line 469.
(pdftex.def)             Requested size: 93.95122pt x 93.95131pt.
Package epstopdf Info: Source file: <./Figures/Lena/Trad_T400.eps>
(epstopdf)                    date: 2013-11-27 18:00:50
(epstopdf)                    size: 339152 bytes
(epstopdf)             Output file: <./Figures/Lena/Trad_T400-eps-converted-to.
pdf>
(epstopdf)                    date: 2013-11-27 18:00:50
(epstopdf)                    size: 240182 bytes
(epstopdf)             Command: <repstopdf --outfile=./Figures/Lena/Trad_T400-e
ps-converted-to.pdf ./Figures/Lena/Trad_T400.eps>
(epstopdf)             \includegraphics on input line 475.
Package epstopdf Info: Output file is already uptodate.

<./Figures/Lena/Trad_T400-eps-converted-to.pdf, id=166, 386.44376pt x 386.44376
pt>
File: ./Figures/Lena/Trad_T400-eps-converted-to.pdf Graphic file (type pdf)
 <use ./Figures/Lena/Trad_T400-eps-converted-to.pdf>
Package pdftex.def Info: ./Figures/Lena/Trad_T400-eps-converted-to.pdf used on 
input line 475.
(pdftex.def)             Requested size: 93.95122pt x 93.95131pt.

Overfull \hbox (11.15913pt too wide) in paragraph at lines 445--477
 [][][] 
 []


Overfull \hbox (14.237pt too wide) in paragraph at lines 445--477
 [][] 
 []


Overfull \hbox (11.15913pt too wide) in paragraph at lines 445--477
 [][] 
 []

(./OnlineArith.bbl [6 <./Figures/Lena/Trad_EF-eps-converted-to.pdf> <./Figures/
Lena/Trad_T436-eps-converted-to.pdf> <./Figures/Lena/Online_T436-eps-converted-
to.pdf> <./Figures/Lena/Trad_T414-eps-converted-to.pdf> <./Figures/Lena/Online_
T414-eps-converted-to.pdf> <./Figures/Lena/Trad_T400-eps-converted-to.pdf>])
[7

] (./OnlineArith.aux)

LaTeX Warning: There were multiply-defined labels.

 ) 
Here is how much of TeX's memory you used:
 3401 strings out of 493488
 46223 string characters out of 3141326
 110065 words of memory out of 3000000
 6576 multiletter control sequences out of 15000+200000
 57602 words of font info for 82 fonts, out of 3000000 for 9000
 957 hyphenation exceptions out of 8191
 42i,15n,26p,1528b,493s stack positions out of 5000i,500n,10000p,200000b,50000s
{/usr/local/texlive/2012/texmf-dist/fonts/enc/dvips/base/8r.enc}</usr/local/t
exlive/2012/texmf-dist/fonts/type1/public/amsfonts/cm/cmbx8.pfb></usr/local/tex
live/2012/texmf-dist/fonts/type1/public/amsfonts/cm/cmbx9.pfb></usr/local/texli
ve/2012/texmf-dist/fonts/type1/public/amsfonts/cmextra/cmex9.pfb></usr/local/te
xlive/2012/texmf-dist/fonts/type1/public/amsfonts/cm/cmmi6.pfb></usr/local/texl
ive/2012/texmf-dist/fonts/type1/public/amsfonts/cm/cmmi8.pfb></usr/local/texliv
e/2012/texmf-dist/fonts/type1/public/amsfonts/cm/cmmi9.pfb></usr/local/texlive/
2012/texmf-dist/fonts/type1/public/amsfonts/cm/cmr6.pfb></usr/local/texlive/201
2/texmf-dist/fonts/type1/public/amsfonts/cm/cmr8.pfb></usr/local/texlive/2012/t
exmf-dist/fonts/type1/public/amsfonts/cm/cmr9.pfb></usr/local/texlive/2012/texm
f-dist/fonts/type1/public/amsfonts/cm/cmsy6.pfb></usr/local/texlive/2012/texmf-
dist/fonts/type1/public/amsfonts/cm/cmsy8.pfb></usr/local/texlive/2012/texmf-di
st/fonts/type1/public/amsfonts/cm/cmsy9.pfb></usr/local/texlive/2012/texmf-dist
/fonts/type1/public/amsfonts/cm/cmti9.pfb></usr/local/texlive/2012/texmf-dist/f
onts/type1/public/amsfonts/symbols/msam10.pfb></usr/local/texlive/2012/texmf-di
st/fonts/type1/urw/helvetic/uhvb8a.pfb></usr/local/texlive/2012/texmf-dist/font
s/type1/urw/helvetic/uhvr8a.pfb></usr/local/texlive/2012/texmf-dist/fonts/type1
/urw/times/utmb8a.pfb>
Output written on OnlineArith.pdf (7 pages, 2166708 bytes).
PDF statistics:
 254 PDF objects out of 1000 (max. 8388607)
 188 compressed objects within 2 object streams
 0 named destinations out of 1000 (max. 500000)
 91 words of extra memory for PDF output out of 10000 (max. 10000000)

